<?xml version="1.0" encoding="UTF-8"?>
<!-- Generated by org.testng.reporters.JUnitXMLReporter -->
<testsuite ignored="1" hostname="INBANLSU0321" failures="0" tests="3" name="Default test" time="2.625" errors="0" timestamp="2021-09-07T07:51:34 IST">
  <testcase classname="com.api.pages.DynamicJson" name="deletebook" time="2.077"/>
  <testcase classname="com.api.pages.DynamicJson" name="deletebook" time="0.299"/>
  <testcase classname="com.api.pages.DynamicJson" name="deletebook" time="0.211"/>
  <testcase classname="com.api.pages.DynamicJson" name="addBook" time="0.0">
    <ignored/>
  </testcase> <!-- addBook -->
</testsuite> <!-- Default test -->
